0 info it worked if it ends with ok
1 verbose cli [ '/usr/local/Cellar/node/5.9.1/bin/node',
1 verbose cli   '/usr/local/bin/npm',
1 verbose cli   'version',
1 verbose cli   'patch' ]
2 info using npm@3.8.5
3 info using node@v5.9.1
4 info git [ 'status', '--porcelain' ]
5 info lifecycle electron-bin@0.37.3~preversion: electron-bin@0.37.3
6 silly lifecycle electron-bin@0.37.3~preversion: no script for preversion, continuing
7 verbose version.write data { name: 'electron-bin',
7 verbose version.write   version: '0.37.3',
7 verbose version.write   description: 'Install electron prebuilt binaries for the command-line use using npm',
7 verbose version.write   author:
7 verbose version.write    { name: 'David Wisner',
7 verbose version.write      email: 'dwisner6@gmail.com',
7 verbose version.write      url: 'http://RnbWd.com' },
7 verbose version.write   repository: { type: 'git', url: 'http://github.com/RnbWd/electron-bin.git' },
7 verbose version.write   scripts:
7 verbose version.write    { 'cache-clean': 'rm -rf ~/.electron && rm -rf dist',
7 verbose version.write      postinstall: 'node install.js',
7 verbose version.write      pretest: 'npm run cache-clean && node install.js',
7 verbose version.write      test: 'standard && tape test/*.js' },
7 verbose version.write   bin: { electron: 'cli.js' },
7 verbose version.write   main: 'index.js',
7 verbose version.write   dependencies: { 'extract-zip': '^1.0.3', 'electron-download': '^2.0.0' },
7 verbose version.write   devDependencies:
7 verbose version.write    { 'home-path': '^0.1.1',
7 verbose version.write      'path-exists': '^1.0.0',
7 verbose version.write      standard: '^5.4.1',
7 verbose version.write      tape: '^3.0.1' },
7 verbose version.write   directories: { test: 'test' },
7 verbose version.write   keywords: [ 'electron', 'electron bin', 'electron-bin' ],
7 verbose version.write   license: 'MIT',
7 verbose version.write   publishConfig: { registry: 'https://registry.npmjs.org' } } to package.json
8 info lifecycle electron-bin@0.37.3~version: electron-bin@0.37.3
9 silly lifecycle electron-bin@0.37.3~version: no script for version, continuing
10 info git [ 'add', '/Users/rnbwd/Projects/electron-bin/package.json' ]
11 info git [ 'commit', '-m', '0.37.3' ]
12 info git [ 'tag', 'v0.37.3', '-am', '0.37.3' ]
13 verbose stack Error: Command failed: git tag v0.37.3 -am 0.37.3
13 verbose stack fatal: tag 'v0.37.3' already exists
13 verbose stack
13 verbose stack     at ChildProcess.exithandler (child_process.js:202:12)
13 verbose stack     at emitTwo (events.js:100:13)
13 verbose stack     at ChildProcess.emit (events.js:185:7)
13 verbose stack     at maybeClose (internal/child_process.js:850:16)
13 verbose stack     at Socket.<anonymous> (internal/child_process.js:323:11)
13 verbose stack     at emitOne (events.js:90:13)
13 verbose stack     at Socket.emit (events.js:182:7)
13 verbose stack     at Pipe._onclose (net.js:477:12)
14 verbose cwd /Users/rnbwd/Projects/electron-bin
15 error Darwin 15.4.0
16 error argv "/usr/local/Cellar/node/5.9.1/bin/node" "/usr/local/bin/npm" "version" "patch"
17 error node v5.9.1
18 error npm  v3.8.5
19 error code 128
20 error Command failed: git tag v0.37.3 -am 0.37.3
20 error fatal: tag 'v0.37.3' already exists
21 error If you need help, you may report this error at:
21 error     <https://github.com/npm/npm/issues>
22 verbose exit [ 1, true ]
